current directory: /Users/rosso357/IdeaProjects/RubySampleBatch/vendor/bundle/ruby/2.3.0/gems/mysql2-0.5.1/ext/mysql2
/System/Library/Frameworks/Ruby.framework/Versions/2.3/usr/bin/ruby -r ./siteconf20180518-32981-14v8rps.rb extconf.rb
checking for rb_absint_size()... yes
checking for rb_absint_singlebit_p()... yes
checking for rb_wait_for_single_fd()... yes
-----
Using mysql_config at /usr/local/bin/mysql_config
-----
checking for mysql.h... yes
checking for errmsg.h... yes
checking for SSL_MODE_DISABLED in mysql.h... yes
checking for SSL_MODE_PREFERRED in mysql.h... yes
checking for SSL_MODE_REQUIRED in mysql.h... yes
checking for SSL_MODE_VERIFY_CA in mysql.h... yes
checking for SSL_MODE_VERIFY_IDENTITY in mysql.h... yes
checking for MYSQL.net.vio in mysql.h... yes
checking for MYSQL.net.pvio in mysql.h... no
checking for MYSQL_ENABLE_CLEARTEXT_PLUGIN in mysql.h... yes
checking for SERVER_QUERY_NO_GOOD_INDEX_USED in mysql.h... yes
checking for SERVER_QUERY_NO_INDEX_USED in mysql.h... yes
checking for SERVER_QUERY_WAS_SLOW in mysql.h... yes
checking for MYSQL_OPTION_MULTI_STATEMENTS_ON in mysql.h... yes
checking for MYSQL_OPTION_MULTI_STATEMENTS_OFF in mysql.h... yes
checking for my_bool in mysql.h... yes
-----
Don't know how to set rpath on your system, if MySQL libraries are not in path mysql2 may not load
-----
-----
Setting libpath to /usr/local/Cellar/mysql/5.7.21/lib
-----
creating Makefile

To see why this extension failed to compile, please check the mkmf.log which can be found here:

  /Users/rosso357/IdeaProjects/RubySampleBatch/vendor/bundle/ruby/2.3.0/extensions/universal-darwin-17/2.3.0/mysql2-0.5.1/mkmf.log

current directory: /Users/rosso357/IdeaProjects/RubySampleBatch/vendor/bundle/ruby/2.3.0/gems/mysql2-0.5.1/ext/mysql2
make "DESTDIR=" clean

current directory: /Users/rosso357/IdeaProjects/RubySampleBatch/vendor/bundle/ruby/2.3.0/gems/mysql2-0.5.1/ext/mysql2
make "DESTDIR="
compiling infile.c
compiling client.c
compiling mysql2_ext.c
compiling statement.c
compiling result.c
linking shared-object mysql2/mysql2.bundle
ld: warning: directory not found for option '-L/BuildRoot/Applications/Xcode.app/Contents/Developer/Platforms/MacOSX.platform/Developer/SDKs/MacOSX10.13.Internal.sdk/usr/local/libressl/lib'
ld: warning: directory not found for option '-L/BuildRoot/Applications/Xcode.app/Contents/Developer/Platforms/MacOSX.platform/Developer/SDKs/MacOSX10.13.Internal.sdk/usr/local/lib'
ld: library not found for -lssl
clang: error: linker command failed with exit code 1 (use -v to see invocation)
make: *** [mysql2.bundle] Error 1

make failed, exit code 2
